[debug] [2019-11-27T14:19:47.556Z] ----------------------------------------------------------------------
[debug] [2019-11-27T14:19:47.560Z] Command:       /usr/local/bin/firebase /Users/Hemant/.cache/firebase/tools/lib/node_modules/firebase-tools/lib/bin/firebase init
[debug] [2019-11-27T14:19:47.561Z] CLI Version:   7.6.0
[debug] [2019-11-27T14:19:47.561Z] Platform:      darwin
[debug] [2019-11-27T14:19:47.561Z] Node Version:  v10.15.3
[debug] [2019-11-27T14:19:47.568Z] Time:          Wed Nov 27 2019 09:19:47 GMT-0500 (Eastern Standard Time)
[debug] [2019-11-27T14:19:47.568Z] ----------------------------------------------------------------------
[debug] 
[debug] [2019-11-27T14:19:47.589Z] > command requires scopes: ["email","openid","https://www.googleapis.com/auth/cloudplatformprojects.readonly","https://www.googleapis.com/auth/firebase","https://www.googleapis.com/auth/cloud-platform"]
[debug] [2019-11-27T14:19:47.590Z] > authorizing via signed-in user
[info] 
     ######## #### ########  ######## ########     ###     ######  ########
     ##        ##  ##     ## ##       ##     ##  ##   ##  ##       ##
     ######    ##  ########  ######   ########  #########  ######  ######
     ##        ##  ##    ##  ##       ##     ## ##     ##       ## ##
     ##       #### ##     ## ######## ########  ##     ##  ######  ########

You're about to initialize a Firebase project in this directory:

  /Users/Hemant/hemant-app

[info] 
=== Project Setup
[info] 
[info] First, let's associate this project directory with a Firebase project.
[info] You can create multiple project aliases by running firebase use --add, 
[info] but for now we'll just set up a default project.
[info] 
[debug] [2019-11-27T14:19:52.736Z] >>> HTTP REQUEST GET https://firebase.googleapis.com/v1beta1/projects?pageSize=100  
 
[debug] [2019-11-27T14:19:53.043Z] <<< HTTP RESPONSE 200
[info] i  Using project practiceproject-8908f (PracticeProject)
[info] 
=== Database Setup
[info] 
[info] Firebase Realtime Database Rules allow you to define how your data should be
[info] structured and when your data can be read from and written to.
[info] 
[debug] [2019-11-27T14:20:21.846Z] >>> HTTP REQUEST GET https://practiceproject-8908f.firebaseio.com/.settings/rules.json  
 
[debug] [2019-11-27T14:20:22.113Z] <<< HTTP RESPONSE 200
[info] ✔  Database Rules for practiceproject-8908f have been downloaded to database.rules.json.
[info] Future modifications to database.rules.json will update Database Rules when you run
[info] firebase deploy.
[info] 
=== Functions Setup
[info] 
[info] A functions directory will be created in your project with a Node.js
[info] package pre-configured. Functions can be deployed with firebase deploy.
[info] 
[debug] [2019-11-27T14:20:22.119Z] > command requires scopes: ["email","openid","https://www.googleapis.com/auth/cloudplatformprojects.readonly","https://www.googleapis.com/auth/firebase","https://www.googleapis.com/auth/cloud-platform"]
[debug] [2019-11-27T14:20:22.122Z] > authorizing via signed-in user
[debug] [2019-11-27T14:20:22.122Z] >>> HTTP REQUEST GET https://firebase.googleapis.com/v1beta1/projects/practiceproject-8908f  
 
[debug] [2019-11-27T14:20:22.327Z] <<< HTTP RESPONSE 200
[debug] [2019-11-27T14:20:22.334Z] >>> HTTP REQUEST POST https://serviceusage.googleapis.com/v1/projects/practiceproject-8908f/services/cloudfunctions.googleapis.com:enable  
 
[debug] [2019-11-27T14:20:22.334Z] >>> HTTP REQUEST POST https://serviceusage.googleapis.com/v1/projects/practiceproject-8908f/services/runtimeconfig.googleapis.com:enable  
 
[debug] [2019-11-27T14:20:22.659Z] <<< HTTP RESPONSE 200
[debug] [2019-11-27T14:20:22.683Z] <<< HTTP RESPONSE 200
[info] ✔  Wrote functions/package.json
[info] ✔  Wrote functions/index.js
[info] ✔  Wrote functions/.gitignore
[info] 
=== Hosting Setup
[info] 
[info] Your public directory is the folder (relative to your project directory) that
[info] will contain Hosting assets to be uploaded with firebase deploy. If you
[info] have a build process for your assets, use your build's output directory.
[info] 
[debug] [2019-11-27T14:21:29.425Z] >>> HTTP REQUEST GET https://www.gstatic.com/firebasejs/releases.json  
 
[debug] [2019-11-27T14:22:07.331Z] Error: getaddrinfo ENOTFOUND www.gstatic.com www.gstatic.com:443
    at GetAddrInfoReqWrap.onlookup [as oncomplete] (dns.js:56:26)
[error] 
[error] Error: Server Error. getaddrinfo ENOTFOUND www.gstatic.com www.gstatic.com:443
[debug] [2019-11-27T14:22:25.929Z] ----------------------------------------------------------------------
[debug] [2019-11-27T14:22:25.933Z] Command:       /usr/local/bin/firebase /Users/Hemant/.cache/firebase/tools/lib/node_modules/firebase-tools/lib/bin/firebase init
[debug] [2019-11-27T14:22:25.933Z] CLI Version:   7.6.0
[debug] [2019-11-27T14:22:25.933Z] Platform:      darwin
[debug] [2019-11-27T14:22:25.933Z] Node Version:  v10.15.3
[debug] [2019-11-27T14:22:25.935Z] Time:          Wed Nov 27 2019 09:22:25 GMT-0500 (Eastern Standard Time)
[debug] [2019-11-27T14:22:25.935Z] ----------------------------------------------------------------------
[debug] 
[debug] [2019-11-27T14:22:25.957Z] > command requires scopes: ["email","openid","https://www.googleapis.com/auth/cloudplatformprojects.readonly","https://www.googleapis.com/auth/firebase","https://www.googleapis.com/auth/cloud-platform"]
[debug] [2019-11-27T14:22:25.958Z] > authorizing via signed-in user
[info] 
     ######## #### ########  ######## ########     ###     ######  ########
     ##        ##  ##     ## ##       ##     ##  ##   ##  ##       ##
     ######    ##  ########  ######   ########  #########  ######  ######
     ##        ##  ##    ##  ##       ##     ## ##     ##       ## ##
     ##       #### ##     ## ######## ########  ##     ##  ######  ########

You're about to initialize a Firebase project in this directory:

  /Users/Hemant/hemant-app

[debug] [2019-11-27T14:22:33.163Z] ----------------------------------------------------------------------
[debug] [2019-11-27T14:22:33.164Z] Command:       /usr/local/bin/firebase /Users/Hemant/.cache/firebase/tools/lib/node_modules/firebase-tools/lib/bin/firebase init
[debug] [2019-11-27T14:22:33.165Z] CLI Version:   7.6.0
[debug] [2019-11-27T14:22:33.165Z] Platform:      darwin
[debug] [2019-11-27T14:22:33.165Z] Node Version:  v10.15.3
[debug] [2019-11-27T14:22:33.166Z] Time:          Wed Nov 27 2019 09:22:33 GMT-0500 (Eastern Standard Time)
[debug] [2019-11-27T14:22:33.166Z] ----------------------------------------------------------------------
[debug] 
[debug] [2019-11-27T14:22:33.171Z] > command requires scopes: ["email","openid","https://www.googleapis.com/auth/cloudplatformprojects.readonly","https://www.googleapis.com/auth/firebase","https://www.googleapis.com/auth/cloud-platform"]
[debug] [2019-11-27T14:22:33.172Z] > authorizing via signed-in user
[info] 
     ######## #### ########  ######## ########     ###     ######  ########
     ##        ##  ##     ## ##       ##     ##  ##   ##  ##       ##
     ######    ##  ########  ######   ########  #########  ######  ######
     ##        ##  ##    ##  ##       ##     ## ##     ##       ## ##
     ##       #### ##     ## ######## ########  ##     ##  ######  ########

You're about to initialize a Firebase project in this directory:

  /Users/Hemant/hemant-app

[info] 
=== Project Setup
[info] 
[info] First, let's associate this project directory with a Firebase project.
[info] You can create multiple project aliases by running firebase use --add, 
[info] but for now we'll just set up a default project.
[info] 
[debug] [2019-11-27T14:22:39.104Z] >>> HTTP REQUEST GET https://firebase.googleapis.com/v1beta1/projects?pageSize=100  
 
[debug] [2019-11-27T14:23:09.137Z] Server Error. ETIMEDOUT
[debug] [2019-11-27T14:23:39.152Z] FirebaseError: Server Error. ETIMEDOUT
    at Request._callback (/Users/Hemant/.cache/firebase/tools/lib/node_modules/firebase-tools/lib/api.js:30:31)
    at self.callback (/Users/Hemant/.cache/firebase/tools/lib/node_modules/request/request.js:185:22)
    at Request.emit (events.js:189:13)
    at Request.EventEmitter.emit (domain.js:441:20)
    at Timeout._onTimeout (/Users/Hemant/.cache/firebase/tools/lib/node_modules/request/request.js:852:16)
    at ontimeout (timers.js:436:11)
    at tryOnTimeout (timers.js:300:5)
    at listOnTimeout (timers.js:263:5)
    at Timer.processTimers (timers.js:223:10)
[error] 
[error] Error: Failed to list Firebase projects. See firebase-debug.log for more info.
